4106EFBDF90E3013D1759F029768CC07
67F3C5D0A43DAF1762AE27361C10D1F8
ADE9C2476754A890EDFDD6473C0F832C
E684B6A6350D1AAB5908CA8AB9470F29
5260FEC5BB4E33CB6C2C86939497CA6A
80A5548FC098A123437ED80322AB64E9
1F495D076625F171379637D7702A5EC3
AB715F2BB7878CD311C8C37173B09D86
EA51CC1470E8AD4621D79A1551C27FC3
972B2750F3183BFF62F2F420070D96A4
6A65F8C39B0A88D1A47DD5F9AE0B9DA3
49125D2011CF970AD622B9B516702C11
1229EC9D70FA57BF33E4858740D7711D
70B3D850147C9135251113773242B7A8
A8F09EB014CB1E03D57B1CE071A59E6B
FEA8C37602ED47C2CD0FC4EF32E03297
989674231B2EED46A2C1F22FDD93A785
D451FDD6DBA53CD1E3DBEF595E23A794
938F416529E33DFA590D187776A94237
9CB399BCA6324EDEADA220D1C19C8B81
4F3673C408A9304090C20C177423EC7A
E41729A1D78C701B77D6E7AD9898BAE9
1F94261F3B50738F49D16E9DFA5041C5
787D53DAB18023A48E0FA0F7E366488B
9EB70E00480ED5CB467D984DCA59212B
06B50DD0E78BD2CB2D4FB010477F4C1D
99A4300A2976DB6F4CB9F51249B566DD
C958A9AE0E075EDF59B64D3B0F612D03
C6F66BF9DFC2BEB3BE4BDB9323D5615B
